<?xml version="1.0" encoding="UTF-8"?>
<!-- Generated by org.testng.reporters.JUnitXMLReporter -->
<testsuite hostname="Himanshusingh01" name="Test" tests="10" failures="0" timestamp="1 Nov 2019 11:36:29 GMT" time="51.054" errors="0">
  <testcase name="checkGET" time="5.875" classname="com.RestAssured.testCases.GET_1_Test"/>
  <testcase name="checkGETbyID" time="4.158" classname="com.RestAssured.testCases.GET_2_Test"/>
  <testcase name="post_1" time="4.976" classname="com.RestAssured.testCases.POST_1_Test"/>
  <testcase name="post_2" time="4.182" classname="com.RestAssured.testCases.POST_2_Test"/>
  <testcase name="Delete_1" time="5.829" classname="com.RestAssured.testCases.DELETE_1_Test"/>
  <testcase name="Delete_2" time="5.227" classname="com.RestAssured.testCases.DELETE_2_Test"/>
  <testcase name="put_1" time="5.156" classname="com.RestAssured.testCases.PUT_1_Test"/>
  <testcase name="put_2" time="5.248" classname="com.RestAssured.testCases.PUT_2_Test"/>
  <testcase name="patch_1" time="5.19" classname="com.RestAssured.testCases.PATCH_1_Test"/>
  <testcase name="patch_2" time="5.19" classname="com.RestAssured.testCases.PATCH_2_Test"/>
</testsuite> <!-- Test -->
