<?xml version="1.0" encoding="UTF-8"?>
<testng-results skipped="0" failed="0" total="10" passed="10">
  <reporter-output>
  </reporter-output>
  <suite name="Suite" duration-ms="51054" started-at="2019-11-01T17:05:38Z" finished-at="2019-11-01T17:06:29Z">
    <groups>
    </groups>
    <test name="Test" duration-ms="51054" started-at="2019-11-01T17:05:38Z" finished-at="2019-11-01T17:06:29Z">
      <class name="com.RestAssured.testCases.POST_2_Test">
        <test-method status="PASS" signature="post_2()[pri:0, instance:com.RestAssured.testCases.POST_2_Test@224edc67]" name="post_2" duration-ms="4182" started-at="2019-11-01T17:05:53Z" finished-at="2019-11-01T17:05:57Z">
        </test-method> <!-- post_2 -->
      </class> <!-- com.RestAssured.testCases.POST_2_Test -->
      <class name="com.RestAssured.testCases.DELETE_1_Test">
        <test-method status="PASS" signature="Delete_1()[pri:0, instance:com.RestAssured.testCases.DELETE_1_Test@1d057a39]" name="Delete_1" duration-ms="5829" started-at="2019-11-01T17:05:57Z" finished-at="2019-11-01T17:06:03Z">
        </test-method> <!-- Delete_1 -->
      </class> <!-- com.RestAssured.testCases.DELETE_1_Test -->
      <class name="com.RestAssured.testCases.GET_2_Test">
        <test-method status="PASS" signature="checkGETbyID()[pri:0, instance:com.RestAssured.testCases.GET_2_Test@14acaea5]" name="checkGETbyID" duration-ms="4158" started-at="2019-11-01T17:05:44Z" finished-at="2019-11-01T17:05:48Z">
        </test-method> <!-- checkGETbyID -->
      </class> <!-- com.RestAssured.testCases.GET_2_Test -->
      <class name="com.RestAssured.testCases.PUT_1_Test">
        <test-method status="PASS" signature="put_1()[pri:0, instance:com.RestAssured.testCases.PUT_1_Test@4c70fda8]" name="put_1" duration-ms="5156" started-at="2019-11-01T17:06:08Z" finished-at="2019-11-01T17:06:13Z">
        </test-method> <!-- put_1 -->
      </class> <!-- com.RestAssured.testCases.PUT_1_Test -->
      <class name="com.RestAssured.testCases.PATCH_1_Test">
        <test-method status="PASS" signature="patch_1()[pri:0, instance:com.RestAssured.testCases.PATCH_1_Test@26be92ad]" name="patch_1" duration-ms="5190" started-at="2019-11-01T17:06:19Z" finished-at="2019-11-01T17:06:24Z">
        </test-method> <!-- patch_1 -->
      </class> <!-- com.RestAssured.testCases.PATCH_1_Test -->
      <class name="com.RestAssured.testCases.GET_1_Test">
        <test-method status="PASS" signature="reportSetUp()[pri:0, instance:com.RestAssured.testCases.GET_1_Test@2b98378d]" name="reportSetUp" is-config="true" duration-ms="216" started-at="2019-11-01T17:05:38Z" finished-at="2019-11-01T17:05:38Z">
        </test-method> <!-- reportSetUp -->
        <test-method status="PASS" signature="checkGET()[pri:0, instance:com.RestAssured.testCases.GET_1_Test@2b98378d]" name="checkGET" duration-ms="5875" started-at="2019-11-01T17:05:38Z" finished-at="2019-11-01T17:05:44Z">
        </test-method> <!-- checkGET -->
        <test-method status="PASS" signature="reportClosing()[pri:0, instance:com.RestAssured.testCases.GET_1_Test@2b98378d]" name="reportClosing" is-config="true" duration-ms="525" started-at="2019-11-01T17:06:29Z" finished-at="2019-11-01T17:06:29Z">
        </test-method> <!-- reportClosing -->
      </class> <!-- com.RestAssured.testCases.GET_1_Test -->
      <class name="com.RestAssured.testCases.POST_1_Test">
        <test-method status="PASS" signature="post_1()[pri:0, instance:com.RestAssured.testCases.POST_1_Test@d8355a8]" name="post_1" duration-ms="4976" started-at="2019-11-01T17:05:48Z" finished-at="2019-11-01T17:05:53Z">
        </test-method> <!-- post_1 -->
      </class> <!-- com.RestAssured.testCases.POST_1_Test -->
      <class name="com.RestAssured.testCases.DELETE_2_Test">
        <test-method status="PASS" signature="Delete_2()[pri:0, instance:com.RestAssured.testCases.DELETE_2_Test@46d56d67]" name="Delete_2" duration-ms="5227" started-at="2019-11-01T17:06:03Z" finished-at="2019-11-01T17:06:08Z">
        </test-method> <!-- Delete_2 -->
      </class> <!-- com.RestAssured.testCases.DELETE_2_Test -->
      <class name="com.RestAssured.testCases.PATCH_2_Test">
        <test-method status="PASS" signature="patch_2()[pri:0, instance:com.RestAssured.testCases.PATCH_2_Test@59fa1d9b]" name="patch_2" duration-ms="5190" started-at="2019-11-01T17:06:24Z" finished-at="2019-11-01T17:06:29Z">
        </test-method> <!-- patch_2 -->
      </class> <!-- com.RestAssured.testCases.PATCH_2_Test -->
      <class name="com.RestAssured.testCases.PUT_2_Test">
        <test-method status="PASS" signature="put_2()[pri:0, instance:com.RestAssured.testCases.PUT_2_Test@475530b9]" name="put_2" duration-ms="5248" started-at="2019-11-01T17:06:13Z" finished-at="2019-11-01T17:06:19Z">
        </test-method> <!-- put_2 -->
      </class> <!-- com.RestAssured.testCases.PUT_2_Test -->
    </test> <!-- Test -->
  </suite> <!-- Suite -->
</testng-results>
